--------------- Rebuild Started: 10/04/2016 17:48:23 Project: BLE Lab 3, Configuration: ARM GCC 4.8.4 Debug ---------------
Deleting file ".\CortexM0\ARM_GCC_484\Debug\main.o"
Deleting file ".\CortexM0\ARM_GCC_484\Debug\HeartRateProcessing.o"
Deleting file ".\CortexM0\ARM_GCC_484\Debug\BleProcessing.o"
Deleting file ".\CortexM0\ARM_GCC_484\Debug\WatchdogTimer.o"
Deleting file ".\CortexM0\ARM_GCC_484\Debug\cyfitter_cfg.o"
Deleting file ".\CortexM0\ARM_GCC_484\Debug\cymetadata.o"
Deleting file ".\CortexM0\ARM_GCC_484\Debug\Heart_Rate_input.o"
Deleting file ".\CortexM0\ARM_GCC_484\Debug\SW2_Switch.o"
Deleting file ".\CortexM0\ARM_GCC_484\Debug\Button_output.o"
Deleting file ".\CortexM0\ARM_GCC_484\Debug\Wakeup_ISR.o"
Deleting file ".\CortexM0\ARM_GCC_484\Debug\Led_Advertising_Green.o"
Deleting file ".\CortexM0\ARM_GCC_484\Debug\Led_Connected_Blue.o"
Deleting file ".\CortexM0\ARM_GCC_484\Debug\BLE_1_hrs.o"
Deleting file ".\CortexM0\ARM_GCC_484\Debug\BLE_1.o"
Deleting file ".\CortexM0\ARM_GCC_484\Debug\BLE_1_gatt.o"
Deleting file ".\CortexM0\ARM_GCC_484\Debug\BLE_1_eventHandler.o"
Deleting file ".\CortexM0\ARM_GCC_484\Debug\BLE_1_HAL_INT.o"
Deleting file ".\CortexM0\ARM_GCC_484\Debug\BLE_1_HAL_PVT.o"
Deleting file ".\CortexM0\ARM_GCC_484\Debug\BLE_1_dis.o"
Deleting file ".\CortexM0\ARM_GCC_484\Debug\Opamp.o"
Deleting file ".\CortexM0\ARM_GCC_484\Debug\Opamp_PM.o"
Deleting file ".\CortexM0\ARM_GCC_484\Debug\ADC.o"
Deleting file ".\CortexM0\ARM_GCC_484\Debug\ADC_PM.o"
Deleting file ".\CortexM0\ARM_GCC_484\Debug\ADC_INT.o"
Deleting file ".\CortexM0\ARM_GCC_484\Debug\BLE_1_bless_isr.o"
Deleting file ".\CortexM0\ARM_GCC_484\Debug\ADC_IRQ.o"
Deleting file ".\CortexM0\ARM_GCC_484\Debug\ADC_intClock.o"
Deleting file ".\CortexM0\ARM_GCC_484\Debug\Cm0Start.o"
Deleting file ".\CortexM0\ARM_GCC_484\Debug\CyBootAsmGnu.o"
Deleting file ".\CortexM0\ARM_GCC_484\Debug\CyFlash.o"
Deleting file ".\CortexM0\ARM_GCC_484\Debug\CyLib.o"
Deleting file ".\CortexM0\ARM_GCC_484\Debug\cyPm.o"
Deleting file ".\CortexM0\ARM_GCC_484\Debug\cyutils.o"
Deleting file ".\CortexM0\ARM_GCC_484\Debug\BLE Lab 3.hex"
Deleting file ".\CortexM0\ARM_GCC_484\Debug\BLE Lab 3.elf"
Deleting file ".\CortexM0\ARM_GCC_484\Debug\BLE Lab 3.map"
Deleting file ".\BLE Lab 3.cycdx"
Deleting file ".\BLE Lab 3.svd"
Deleting file ".\BLE Lab 3.rpt"
Deleting file ".\BLE Lab 3_timing.html"
Deleting file ".\CortexM0\ARM_GCC_484\Debug\.deps\C_FILE.P"
Deleting file ".\CortexM0\ARM_GCC_484\Debug\.deps\ARM_C_FILE.P"
Deleting file ".\CortexM0\ARM_GCC_484\Debug\.deps\GNU_ARM_ASM_FILE.P"
cydsfit.exe -.appdatapath "C:\Users\Gloria.Gloria-PC\AppData\Local\Cypress Semiconductor\PSoC Creator\3.1" -.fdsnotice -.fdswarpdepfile=warp_dependencies.txt -.fdselabdepfile=elab_dependencies.txt -.fdsbldfile=generated_files.txt -p "C:\Users\Gloria.Gloria-PC\Desktop\Embedded Systems\Lab 3\BLE Lab 3\BLE Lab 3\BLE Lab 3.cydsn\BLE Lab 3.cyprj" -d CY8C4247LQI-BL483 -s "C:\Users\Gloria.Gloria-PC\Desktop\Embedded Systems\Lab 3\BLE Lab 3\BLE Lab 3\BLE Lab 3.cydsn\Generated_Source\PSoC4" -- -yv2 -q10 -ygs -o2 -v3 -.fftcfgtype=LE
Elaborating Design...
HDL Generation ...
Synthesis ...
Place and Route ...
Tech mapping ...
Analog Placement ...
Analog Routing ...
Analog Code Generation ...
Digital Placement ...
Digital Routing ...
Bitstream Generation ...
Static timing analysis ...
API Generation ...
Dependency Generation ...
Clean Temporary Files ...
arm-none-eabi-gcc.exe -mcpu=cortex-m0 -mthumb -Wno-main -I. -I.\Generated_Source\PSoC4 -Wa,-alh=.\CortexM0\ARM_GCC_484\Debug/main.lst -g -D DEBUG -Wall -ffunction-sections -O0 -c .\main.c -o .\CortexM0\ARM_GCC_484\Debug\main.o
arm-none-eabi-gcc.exe -mcpu=cortex-m0 -mthumb -Wno-main -I. -I.\Generated_Source\PSoC4 -Wa,-alh=.\CortexM0\ARM_GCC_484\Debug/HeartRateProcessing.lst -g -D DEBUG -Wall -ffunction-sections -O0 -c .\HeartRateProcessing.c -o .\CortexM0\ARM_GCC_484\Debug\HeartRateProcessing.o
arm-none-eabi-gcc.exe -mcpu=cortex-m0 -mthumb -Wno-main -I. -I.\Generated_Source\PSoC4 -Wa,-alh=.\CortexM0\ARM_GCC_484\Debug/BleProcessing.lst -g -D DEBUG -Wall -ffunction-sections -O0 -c .\BleProcessing.c -o .\CortexM0\ARM_GCC_484\Debug\BleProcessing.o
arm-none-eabi-gcc.exe -mcpu=cortex-m0 -mthumb -Wno-main -I. -I.\Generated_Source\PSoC4 -Wa,-alh=.\CortexM0\ARM_GCC_484\Debug/WatchdogTimer.lst -g -D DEBUG -Wall -ffunction-sections -O0 -c .\WatchdogTimer.c -o .\CortexM0\ARM_GCC_484\Debug\WatchdogTimer.o
arm-none-eabi-gcc.exe -mcpu=cortex-m0 -mthumb -Wno-main -I. -I.\Generated_Source\PSoC4 -Wa,-alh=.\CortexM0\ARM_GCC_484\Debug/cyfitter_cfg.lst -g -D DEBUG -Wall -ffunction-sections -O0 -c .\Generated_Source\PSoC4\cyfitter_cfg.c -o .\CortexM0\ARM_GCC_484\Debug\cyfitter_cfg.o
arm-none-eabi-gcc.exe -mcpu=cortex-m0 -mthumb -Wno-main -I. -I.\Generated_Source\PSoC4 -Wa,-alh=.\CortexM0\ARM_GCC_484\Debug/cymetadata.lst -g -D DEBUG -Wall -ffunction-sections -O0 -c .\Generated_Source\PSoC4\cymetadata.c -o .\CortexM0\ARM_GCC_484\Debug\cymetadata.o
arm-none-eabi-gcc.exe -mcpu=cortex-m0 -mthumb -Wno-main -I. -I.\Generated_Source\PSoC4 -Wa,-alh=.\CortexM0\ARM_GCC_484\Debug/Heart_Rate_input.lst -g -D DEBUG -Wall -ffunction-sections -O0 -c .\Generated_Source\PSoC4\Heart_Rate_input.c -o .\CortexM0\ARM_GCC_484\Debug\Heart_Rate_input.o
arm-none-eabi-gcc.exe -mcpu=cortex-m0 -mthumb -Wno-main -I. -I.\Generated_Source\PSoC4 -Wa,-alh=.\CortexM0\ARM_GCC_484\Debug/SW2_Switch.lst -g -D DEBUG -Wall -ffunction-sections -O0 -c .\Generated_Source\PSoC4\SW2_Switch.c -o .\CortexM0\ARM_GCC_484\Debug\SW2_Switch.o
arm-none-eabi-gcc.exe -mcpu=cortex-m0 -mthumb -Wno-main -I. -I.\Generated_Source\PSoC4 -Wa,-alh=.\CortexM0\ARM_GCC_484\Debug/Button_output.lst -g -D DEBUG -Wall -ffunction-sections -O0 -c .\Generated_Source\PSoC4\Button_output.c -o .\CortexM0\ARM_GCC_484\Debug\Button_output.o
arm-none-eabi-gcc.exe -mcpu=cortex-m0 -mthumb -Wno-main -I. -I.\Generated_Source\PSoC4 -Wa,-alh=.\CortexM0\ARM_GCC_484\Debug/Wakeup_ISR.lst -g -D DEBUG -Wall -ffunction-sections -O0 -c .\Generated_Source\PSoC4\Wakeup_ISR.c -o .\CortexM0\ARM_GCC_484\Debug\Wakeup_ISR.o
arm-none-eabi-gcc.exe -mcpu=cortex-m0 -mthumb -Wno-main -I. -I.\Generated_Source\PSoC4 -Wa,-alh=.\CortexM0\ARM_GCC_484\Debug/Led_Advertising_Green.lst -g -D DEBUG -Wall -ffunction-sections -O0 -c .\Generated_Source\PSoC4\Led_Advertising_Green.c -o .\CortexM0\ARM_GCC_484\Debug\Led_Advertising_Green.o
arm-none-eabi-gcc.exe -mcpu=cortex-m0 -mthumb -Wno-main -I. -I.\Generated_Source\PSoC4 -Wa,-alh=.\CortexM0\ARM_GCC_484\Debug/Led_Connected_Blue.lst -g -D DEBUG -Wall -ffunction-sections -O0 -c .\Generated_Source\PSoC4\Led_Connected_Blue.c -o .\CortexM0\ARM_GCC_484\Debug\Led_Connected_Blue.o
arm-none-eabi-gcc.exe -mcpu=cortex-m0 -mthumb -Wno-main -I. -I.\Generated_Source\PSoC4 -Wa,-alh=.\CortexM0\ARM_GCC_484\Debug/BLE_1_hrs.lst -g -D DEBUG -Wall -ffunction-sections -O0 -c .\Generated_Source\PSoC4\BLE_1_hrs.c -o .\CortexM0\ARM_GCC_484\Debug\BLE_1_hrs.o
arm-none-eabi-gcc.exe -mcpu=cortex-m0 -mthumb -Wno-main -I. -I.\Generated_Source\PSoC4 -Wa,-alh=.\CortexM0\ARM_GCC_484\Debug/BLE_1.lst -g -D DEBUG -Wall -ffunction-sections -O0 -c .\Generated_Source\PSoC4\BLE_1.c -o .\CortexM0\ARM_GCC_484\Debug\BLE_1.o
arm-none-eabi-gcc.exe -mcpu=cortex-m0 -mthumb -Wno-main -I. -I.\Generated_Source\PSoC4 -Wa,-alh=.\CortexM0\ARM_GCC_484\Debug/BLE_1_gatt.lst -g -D DEBUG -Wall -ffunction-sections -O0 -c .\Generated_Source\PSoC4\BLE_1_gatt.c -o .\CortexM0\ARM_GCC_484\Debug\BLE_1_gatt.o
arm-none-eabi-gcc.exe -mcpu=cortex-m0 -mthumb -Wno-main -I. -I.\Generated_Source\PSoC4 -Wa,-alh=.\CortexM0\ARM_GCC_484\Debug/BLE_1_eventHandler.lst -g -D DEBUG -Wall -ffunction-sections -O0 -c .\Generated_Source\PSoC4\BLE_1_eventHandler.c -o .\CortexM0\ARM_GCC_484\Debug\BLE_1_eventHandler.o
arm-none-eabi-gcc.exe -mcpu=cortex-m0 -mthumb -Wno-main -I. -I.\Generated_Source\PSoC4 -Wa,-alh=.\CortexM0\ARM_GCC_484\Debug/BLE_1_HAL_INT.lst -g -D DEBUG -Wall -ffunction-sections -O0 -c .\Generated_Source\PSoC4\BLE_1_HAL_INT.c -o .\CortexM0\ARM_GCC_484\Debug\BLE_1_HAL_INT.o
arm-none-eabi-gcc.exe -mcpu=cortex-m0 -mthumb -Wno-main -I. -I.\Generated_Source\PSoC4 -Wa,-alh=.\CortexM0\ARM_GCC_484\Debug/BLE_1_HAL_PVT.lst -g -D DEBUG -Wall -ffunction-sections -O0 -c .\Generated_Source\PSoC4\BLE_1_HAL_PVT.c -o .\CortexM0\ARM_GCC_484\Debug\BLE_1_HAL_PVT.o
arm-none-eabi-gcc.exe -mcpu=cortex-m0 -mthumb -Wno-main -I. -I.\Generated_Source\PSoC4 -Wa,-alh=.\CortexM0\ARM_GCC_484\Debug/BLE_1_dis.lst -g -D DEBUG -Wall -ffunction-sections -O0 -c .\Generated_Source\PSoC4\BLE_1_dis.c -o .\CortexM0\ARM_GCC_484\Debug\BLE_1_dis.o
arm-none-eabi-gcc.exe -mcpu=cortex-m0 -mthumb -Wno-main -I. -I.\Generated_Source\PSoC4 -Wa,-alh=.\CortexM0\ARM_GCC_484\Debug/Opamp.lst -g -D DEBUG -Wall -ffunction-sections -O0 -c .\Generated_Source\PSoC4\Opamp.c -o .\CortexM0\ARM_GCC_484\Debug\Opamp.o
arm-none-eabi-gcc.exe -mcpu=cortex-m0 -mthumb -Wno-main -I. -I.\Generated_Source\PSoC4 -Wa,-alh=.\CortexM0\ARM_GCC_484\Debug/Opamp_PM.lst -g -D DEBUG -Wall -ffunction-sections -O0 -c .\Generated_Source\PSoC4\Opamp_PM.c -o .\CortexM0\ARM_GCC_484\Debug\Opamp_PM.o
arm-none-eabi-gcc.exe -mcpu=cortex-m0 -mthumb -Wno-main -I. -I.\Generated_Source\PSoC4 -Wa,-alh=.\CortexM0\ARM_GCC_484\Debug/ADC.lst -g -D DEBUG -Wall -ffunction-sections -O0 -c .\Generated_Source\PSoC4\ADC.c -o .\CortexM0\ARM_GCC_484\Debug\ADC.o
arm-none-eabi-gcc.exe -mcpu=cortex-m0 -mthumb -Wno-main -I. -I.\Generated_Source\PSoC4 -Wa,-alh=.\CortexM0\ARM_GCC_484\Debug/ADC_PM.lst -g -D DEBUG -Wall -ffunction-sections -O0 -c .\Generated_Source\PSoC4\ADC_PM.c -o .\CortexM0\ARM_GCC_484\Debug\ADC_PM.o
arm-none-eabi-gcc.exe -mcpu=cortex-m0 -mthumb -Wno-main -I. -I.\Generated_Source\PSoC4 -Wa,-alh=.\CortexM0\ARM_GCC_484\Debug/ADC_INT.lst -g -D DEBUG -Wall -ffunction-sections -O0 -c .\Generated_Source\PSoC4\ADC_INT.c -o .\CortexM0\ARM_GCC_484\Debug\ADC_INT.o
arm-none-eabi-gcc.exe -mcpu=cortex-m0 -mthumb -Wno-main -I. -I.\Generated_Source\PSoC4 -Wa,-alh=.\CortexM0\ARM_GCC_484\Debug/BLE_1_bless_isr.lst -g -D DEBUG -Wall -ffunction-sections -O0 -c .\Generated_Source\PSoC4\BLE_1_bless_isr.c -o .\CortexM0\ARM_GCC_484\Debug\BLE_1_bless_isr.o
arm-none-eabi-gcc.exe -mcpu=cortex-m0 -mthumb -Wno-main -I. -I.\Generated_Source\PSoC4 -Wa,-alh=.\CortexM0\ARM_GCC_484\Debug/ADC_IRQ.lst -g -D DEBUG -Wall -ffunction-sections -O0 -c .\Generated_Source\PSoC4\ADC_IRQ.c -o .\CortexM0\ARM_GCC_484\Debug\ADC_IRQ.o
arm-none-eabi-gcc.exe -mcpu=cortex-m0 -mthumb -Wno-main -I. -I.\Generated_Source\PSoC4 -Wa,-alh=.\CortexM0\ARM_GCC_484\Debug/ADC_intClock.lst -g -D DEBUG -Wall -ffunction-sections -O0 -c .\Generated_Source\PSoC4\ADC_intClock.c -o .\CortexM0\ARM_GCC_484\Debug\ADC_intClock.o
arm-none-eabi-gcc.exe -mcpu=cortex-m0 -mthumb -Wno-main -I. -I.\Generated_Source\PSoC4 -Wa,-alh=.\CortexM0\ARM_GCC_484\Debug/Cm0Start.lst -g -D DEBUG -Wall -ffunction-sections -O0 -c .\Generated_Source\PSoC4\Cm0Start.c -o .\CortexM0\ARM_GCC_484\Debug\Cm0Start.o
arm-none-eabi-as.exe -mcpu=cortex-m0 -mthumb -I. -I.\Generated_Source\PSoC4 -alh=.\CortexM0\ARM_GCC_484\Debug/CyBootAsmGnu.lst -g -W -o .\CortexM0\ARM_GCC_484\Debug\CyBootAsmGnu.o .\Generated_Source\PSoC4\CyBootAsmGnu.s
arm-none-eabi-gcc.exe -mcpu=cortex-m0 -mthumb -Wno-main -I. -I.\Generated_Source\PSoC4 -Wa,-alh=.\CortexM0\ARM_GCC_484\Debug/CyFlash.lst -g -D DEBUG -Wall -ffunction-sections -O0 -c .\Generated_Source\PSoC4\CyFlash.c -o .\CortexM0\ARM_GCC_484\Debug\CyFlash.o
arm-none-eabi-gcc.exe -mcpu=cortex-m0 -mthumb -Wno-main -I. -I.\Generated_Source\PSoC4 -Wa,-alh=.\CortexM0\ARM_GCC_484\Debug/CyLib.lst -g -D DEBUG -Wall -ffunction-sections -O0 -c .\Generated_Source\PSoC4\CyLib.c -o .\CortexM0\ARM_GCC_484\Debug\CyLib.o
arm-none-eabi-gcc.exe -mcpu=cortex-m0 -mthumb -Wno-main -I. -I.\Generated_Source\PSoC4 -Wa,-alh=.\CortexM0\ARM_GCC_484\Debug/cyPm.lst -g -D DEBUG -Wall -ffunction-sections -O0 -c .\Generated_Source\PSoC4\cyPm.c -o .\CortexM0\ARM_GCC_484\Debug\cyPm.o
arm-none-eabi-gcc.exe -mcpu=cortex-m0 -mthumb -Wno-main -I. -I.\Generated_Source\PSoC4 -Wa,-alh=.\CortexM0\ARM_GCC_484\Debug/cyutils.lst -g -D DEBUG -Wall -ffunction-sections -O0 -c .\Generated_Source\PSoC4\cyutils.c -o .\CortexM0\ARM_GCC_484\Debug\cyutils.o
arm-none-eabi-ar.exe -rs ".\CortexM0\ARM_GCC_484\Debug\BLE Lab 3.a" .\CortexM0\ARM_GCC_484\Debug\cyfitter_cfg.o .\CortexM0\ARM_GCC_484\Debug\Heart_Rate_input.o .\CortexM0\ARM_GCC_484\Debug\SW2_Switch.o .\CortexM0\ARM_GCC_484\Debug\Button_output.o .\CortexM0\ARM_GCC_484\Debug\Wakeup_ISR.o .\CortexM0\ARM_GCC_484\Debug\Led_Advertising_Green.o .\CortexM0\ARM_GCC_484\Debug\Led_Connected_Blue.o .\CortexM0\ARM_GCC_484\Debug\BLE_1_hrs.o .\CortexM0\ARM_GCC_484\Debug\BLE_1.o .\CortexM0\ARM_GCC_484\Debug\BLE_1_gatt.o .\CortexM0\ARM_GCC_484\Debug\BLE_1_eventHandler.o .\CortexM0\ARM_GCC_484\Debug\BLE_1_HAL_INT.o .\CortexM0\ARM_GCC_484\Debug\BLE_1_HAL_PVT.o .\CortexM0\ARM_GCC_484\Debug\BLE_1_dis.o .\CortexM0\ARM_GCC_484\Debug\Opamp.o .\CortexM0\ARM_GCC_484\Debug\Opamp_PM.o .\CortexM0\ARM_GCC_484\Debug\ADC.o .\CortexM0\ARM_GCC_484\Debug\ADC_PM.o .\CortexM0\ARM_GCC_484\Debug\ADC_INT.o .\CortexM0\ARM_GCC_484\Debug\BLE_1_bless_isr.o .\CortexM0\ARM_GCC_484\Debug\ADC_IRQ.o .\CortexM0\ARM_GCC_484\Debug\ADC_intClock.o .\CortexM0\ARM_GCC_484\Debug\CyBootAsmGnu.o .\CortexM0\ARM_GCC_484\Debug\CyFlash.o .\CortexM0\ARM_GCC_484\Debug\CyLib.o .\CortexM0\ARM_GCC_484\Debug\cyPm.o .\CortexM0\ARM_GCC_484\Debug\cyutils.o
arm-none-eabi-ar.exe: creating .\CortexM0\ARM_GCC_484\Debug\BLE Lab 3.a
arm-none-eabi-gcc.exe -Wl,--start-group -o ".\CortexM0\ARM_GCC_484\Debug\BLE Lab 3.elf" .\CortexM0\ARM_GCC_484\Debug\main.o .\CortexM0\ARM_GCC_484\Debug\HeartRateProcessing.o .\CortexM0\ARM_GCC_484\Debug\BleProcessing.o .\CortexM0\ARM_GCC_484\Debug\WatchdogTimer.o .\CortexM0\ARM_GCC_484\Debug\cymetadata.o .\CortexM0\ARM_GCC_484\Debug\Cm0Start.o ".\CortexM0\ARM_GCC_484\Debug\BLE Lab 3.a" "C:\Program Files (x86)\Cypress\PSoC Creator\3.1\PSoC Creator\psoc\content\cycomponentlibrary\CyComponentLibrary.cylib\BLE_v1_20\Library\gccCyBLEStack_BLE_SOC_PERIPHERAL.a" "C:\Program Files (x86)\Cypress\PSoC Creator\3.1\PSoC Creator\psoc\content\cycomponentlibrary\CyComponentLibrary.cylib\CortexM0\ARM_GCC_484\Debug\CyComponentLibrary.a" -mthumb -march=armv6-m "-Wl,-Map,.\CortexM0\ARM_GCC_484\Debug/BLE Lab 3.map" -T .\Generated_Source\PSoC4\cm0gcc.ld -g -specs=nano.specs "-u _printf_float" "" -Wl,--gc-sections -Wl,--end-group
cyelftool.exe -C "C:\Users\Gloria.Gloria-PC\Desktop\Embedded Systems\Lab 3\BLE Lab 3\BLE Lab 3\BLE Lab 3.cydsn\CortexM0\ARM_GCC_484\Debug\BLE Lab 3.elf" --flash_size 131072 --flash_row_size 128
cyelftool.exe -S "C:\Users\Gloria.Gloria-PC\Desktop\Embedded Systems\Lab 3\BLE Lab 3\BLE Lab 3\BLE Lab 3.cydsn\CortexM0\ARM_GCC_484\Debug\BLE Lab 3.elf"
Flash used: 76383 of 131072 bytes (58.3 %).
SRAM used: 10644 of 16384 bytes (65.0 %). Stack: 1024 bytes. Heap: 128 bytes.
--------------- Rebuild Succeeded: 10/04/2016 17:49:13 ---------------
